[0.670s] DEBUG:colcon:Command line arguments: ['/usr/bin/colcon', 'list', '-p', '--base-paths', '/home/omotoye/planner']
[0.670s] DEBUG:colcon:Parsed command line arguments: Namespace(base_paths=['/home/omotoye/planner'], build_base='build', ignore_user_meta=False, log_base=None, log_level=None, main=<bound method ListVerb.main of <colcon_package_information.verb.list.ListVerb object at 0x7f8edff34160>>, metas=['./colcon.meta'], names_only=False, packages_above=None, packages_above_and_dependencies=None, packages_above_depth=None, packages_end=None, packages_ignore=None, packages_ignore_regex=None, packages_select=None, packages_select_build_failed=False, packages_select_by_dep=None, packages_select_regex=None, packages_select_test_failures=False, packages_skip=None, packages_skip_build_finished=False, packages_skip_by_dep=None, packages_skip_regex=None, packages_skip_test_passed=False, packages_skip_up_to=None, packages_start=None, packages_up_to=None, packages_up_to_regex=None, paths=None, paths_only=True, topological_graph=False, topological_graph_density=False, topological_graph_dot=False, topological_graph_dot_cluster=False, topological_graph_dot_include_skipped=False, topological_graph_legend=False, topological_order=False, verb_extension=<colcon_package_information.verb.list.ListVerb object at 0x7f8edff34160>, verb_name='list', verb_parser=<colcon_defaults.argument_parser.defaults.DefaultArgumentsDecorator object at 0x7f8edfe0ff10>)
[0.728s] Level 1:colcon.colcon_core.package_discovery:discover_packages(colcon_meta) check parameters
[0.730s] Level 1:colcon.colcon_core.package_discovery:discover_packages(recursive) check parameters
[0.731s] Level 1:colcon.colcon_core.package_discovery:discover_packages(ignore) check parameters
[0.732s] Level 1:colcon.colcon_core.package_discovery:discover_packages(path) check parameters
[0.732s] Level 1:colcon.colcon_core.package_discovery:discover_packages(recursive) discover
[0.732s] INFO:colcon.colcon_core.package_discovery:Crawling recursively for packages in '/home/omotoye/planner'
[0.732s] Level 1:colcon.colcon_core.package_identification:_identify(/home/omotoye/planner) by extensions ['ignore', 'ignore_ament_install']
[0.733s] Level 1:colcon.colcon_core.package_identification:_identify(/home/omotoye/planner) by extension 'ignore'
[0.733s] Level 1:colcon.colcon_core.package_identification:_identify(/home/omotoye/planner) by extension 'ignore_ament_install'
[0.733s] Level 1:colcon.colcon_core.package_identification:_identify(/home/omotoye/planner) by extensions ['colcon_pkg']
[0.733s] Level 1:colcon.colcon_core.package_identification:_identify(/home/omotoye/planner) by extension 'colcon_pkg'
[0.733s] Level 1:colcon.colcon_core.package_identification:_identify(/home/omotoye/planner) by extensions ['colcon_meta']
[0.733s] Level 1:colcon.colcon_core.package_identification:_identify(/home/omotoye/planner) by extension 'colcon_meta'
[0.733s] Level 1:colcon.colcon_core.package_identification:_identify(/home/omotoye/planner) by extensions ['ros']
[0.733s] Level 1:colcon.colcon_core.package_identification:_identify(/home/omotoye/planner) by extension 'ros'
[0.748s] Level 1:colcon.colcon_core.package_identification:_identify(/home/omotoye/planner) by extensions ['cmake', 'python']
[0.748s] Level 1:colcon.colcon_core.package_identification:_identify(/home/omotoye/planner) by extension 'cmake'
[0.748s] Level 1:colcon.colcon_core.package_identification:_identify(/home/omotoye/planner) by extension 'python'
[0.748s] Level 1:colcon.colcon_core.package_identification:_identify(/home/omotoye/planner) by extensions ['python_setup_py']
[0.748s] Level 1:colcon.colcon_core.package_identification:_identify(/home/omotoye/planner) by extension 'python_setup_py'
[0.749s] Level 1:colcon.colcon_core.package_identification:_identify(/home/omotoye/planner/Metric-FF-v2.1) by extensions ['ignore', 'ignore_ament_install']
[0.749s] Level 1:colcon.colcon_core.package_identification:_identify(/home/omotoye/planner/Metric-FF-v2.1) by extension 'ignore'
[0.749s] Level 1:colcon.colcon_core.package_identification:_identify(/home/omotoye/planner/Metric-FF-v2.1) by extension 'ignore_ament_install'
[0.749s] Level 1:colcon.colcon_core.package_identification:_identify(/home/omotoye/planner/Metric-FF-v2.1) by extensions ['colcon_pkg']
[0.749s] Level 1:colcon.colcon_core.package_identification:_identify(/home/omotoye/planner/Metric-FF-v2.1) by extension 'colcon_pkg'
[0.749s] Level 1:colcon.colcon_core.package_identification:_identify(/home/omotoye/planner/Metric-FF-v2.1) by extensions ['colcon_meta']
[0.749s] Level 1:colcon.colcon_core.package_identification:_identify(/home/omotoye/planner/Metric-FF-v2.1) by extension 'colcon_meta'
[0.750s] Level 1:colcon.colcon_core.package_identification:_identify(/home/omotoye/planner/Metric-FF-v2.1) by extensions ['ros']
[0.750s] Level 1:colcon.colcon_core.package_identification:_identify(/home/omotoye/planner/Metric-FF-v2.1) by extension 'ros'
[0.750s] Level 1:colcon.colcon_core.package_identification:_identify(/home/omotoye/planner/Metric-FF-v2.1) by extensions ['cmake', 'python']
[0.750s] Level 1:colcon.colcon_core.package_identification:_identify(/home/omotoye/planner/Metric-FF-v2.1) by extension 'cmake'
[0.750s] Level 1:colcon.colcon_core.package_identification:_identify(/home/omotoye/planner/Metric-FF-v2.1) by extension 'python'
[0.750s] Level 1:colcon.colcon_core.package_identification:_identify(/home/omotoye/planner/Metric-FF-v2.1) by extensions ['python_setup_py']
[0.750s] Level 1:colcon.colcon_core.package_identification:_identify(/home/omotoye/planner/Metric-FF-v2.1) by extension 'python_setup_py'
[0.750s] Level 1:colcon.colcon_core.package_identification:_identify(/home/omotoye/planner/dist) by extensions ['ignore', 'ignore_ament_install']
[0.750s] Level 1:colcon.colcon_core.package_identification:_identify(/home/omotoye/planner/dist) by extension 'ignore'
[0.750s] Level 1:colcon.colcon_core.package_identification:_identify(/home/omotoye/planner/dist) by extension 'ignore_ament_install'
[0.750s] Level 1:colcon.colcon_core.package_identification:_identify(/home/omotoye/planner/dist) by extensions ['colcon_pkg']
[0.751s] Level 1:colcon.colcon_core.package_identification:_identify(/home/omotoye/planner/dist) by extension 'colcon_pkg'
[0.751s] Level 1:colcon.colcon_core.package_identification:_identify(/home/omotoye/planner/dist) by extensions ['colcon_meta']
[0.751s] Level 1:colcon.colcon_core.package_identification:_identify(/home/omotoye/planner/dist) by extension 'colcon_meta'
[0.751s] Level 1:colcon.colcon_core.package_identification:_identify(/home/omotoye/planner/dist) by extensions ['ros']
[0.751s] Level 1:colcon.colcon_core.package_identification:_identify(/home/omotoye/planner/dist) by extension 'ros'
[0.751s] Level 1:colcon.colcon_core.package_identification:_identify(/home/omotoye/planner/dist) by extensions ['cmake', 'python']
[0.751s] Level 1:colcon.colcon_core.package_identification:_identify(/home/omotoye/planner/dist) by extension 'cmake'
[0.751s] Level 1:colcon.colcon_core.package_identification:_identify(/home/omotoye/planner/dist) by extension 'python'
[0.751s] Level 1:colcon.colcon_core.package_identification:_identify(/home/omotoye/planner/dist) by extensions ['python_setup_py']
[0.751s] Level 1:colcon.colcon_core.package_identification:_identify(/home/omotoye/planner/dist) by extension 'python_setup_py'
[0.751s] Level 1:colcon.colcon_core.package_identification:_identify(/home/omotoye/planner/dist/lib) by extensions ['ignore', 'ignore_ament_install']
[0.751s] Level 1:colcon.colcon_core.package_identification:_identify(/home/omotoye/planner/dist/lib) by extension 'ignore'
[0.752s] Level 1:colcon.colcon_core.package_identification:_identify(/home/omotoye/planner/dist/lib) by extension 'ignore_ament_install'
[0.752s] Level 1:colcon.colcon_core.package_identification:_identify(/home/omotoye/planner/dist/lib) by extensions ['colcon_pkg']
[0.752s] Level 1:colcon.colcon_core.package_identification:_identify(/home/omotoye/planner/dist/lib) by extension 'colcon_pkg'
[0.752s] Level 1:colcon.colcon_core.package_identification:_identify(/home/omotoye/planner/dist/lib) by extensions ['colcon_meta']
[0.752s] Level 1:colcon.colcon_core.package_identification:_identify(/home/omotoye/planner/dist/lib) by extension 'colcon_meta'
[0.752s] Level 1:colcon.colcon_core.package_identification:_identify(/home/omotoye/planner/dist/lib) by extensions ['ros']
[0.752s] Level 1:colcon.colcon_core.package_identification:_identify(/home/omotoye/planner/dist/lib) by extension 'ros'
[0.752s] Level 1:colcon.colcon_core.package_identification:_identify(/home/omotoye/planner/dist/lib) by extensions ['cmake', 'python']
[0.752s] Level 1:colcon.colcon_core.package_identification:_identify(/home/omotoye/planner/dist/lib) by extension 'cmake'
[0.752s] Level 1:colcon.colcon_core.package_identification:_identify(/home/omotoye/planner/dist/lib) by extension 'python'
[0.752s] Level 1:colcon.colcon_core.package_identification:_identify(/home/omotoye/planner/dist/lib) by extensions ['python_setup_py']
[0.752s] Level 1:colcon.colcon_core.package_identification:_identify(/home/omotoye/planner/dist/lib) by extension 'python_setup_py'
[0.753s] Level 1:colcon.colcon_core.package_identification:_identify(/home/omotoye/planner/log) by extensions ['ignore', 'ignore_ament_install']
[0.753s] Level 1:colcon.colcon_core.package_identification:_identify(/home/omotoye/planner/log) by extension 'ignore'
[0.753s] Level 1:colcon.colcon_core.package_identification:_identify(/home/omotoye/planner/log) ignored
[0.753s] Level 1:colcon.colcon_core.package_discovery:discover_packages(recursive) using defaults
